2026-04-29 15:37:53,542 - INFO - 成功连接到服务器 localhost:8888
2026-04-29 15:37:55,832 - INFO - 成功连接到服务器 localhost:8888
2026-04-29 15:37:59,796 - INFO - 成功连接到服务器 localhost:8888
2026-04-29 15:38:01,068 - INFO - 成功连接到服务器 localhost:8888
2026-04-29 15:38:01,279 - INFO - 成功连接到服务器 localhost:8888
2026-04-29 15:38:01,450 - INFO - 成功连接到服务器 localhost:8888
2026-04-29 15:38:08,242 - INFO - 成功连接到服务器 localhost:8888
2026-04-29 15:38:19,358 - INFO - 成功连接到服务器 localhost:8888
2026-04-29 15:41:28,584 - INFO - 成功连接到服务器 localhost:8888
2026-04-29 15:41:32,534 - INFO - 成功连接到服务器 localhost:8888
2026-04-29 15:41:34,263 - INFO - 成功连接到服务器 localhost:8888
2026-04-29 15:42:15,451 - INFO - 成功连接到服务器 localhost:8888
2026-04-29 15:42:33,943 - INFO - 成功连接到服务器 localhost:8888
2026-04-29 15:42:35,578 - INFO - 成功连接到服务器 localhost:8888
2026-04-29 15:48:38,192 - INFO - 成功连接到服务器 localhost:8888
2026-04-29 15:48:48,419 - INFO - 成功连接到服务器 localhost:8888
2026-04-29 15:48:50,844 - INFO - 成功连接到服务器 localhost:8888
2026-04-29 15:48:51,809 - INFO - 成功连接到服务器 localhost:8888
2026-04-29 15:48:52,104 - INFO - 成功连接到服务器 localhost:8888
2026-04-29 15:48:52,291 - INFO - 成功连接到服务器 localhost:8888
2026-04-29 15:48:52,460 - INFO - 成功连接到服务器 localhost:8888
2026-04-29 15:48:52,615 - INFO - 成功连接到服务器 localhost:8888
2026-04-29 15:48:52,779 - INFO - 成功连接到服务器 localhost:8888
2026-04-29 15:48:52,927 - INFO - 成功连接到服务器 localhost:8888
2026-04-29 15:48:53,211 - INFO - 成功连接到服务器 localhost:8888
2026-04-29 15:48:54,312 - INFO - 成功连接到服务器 localhost:8888
2026-04-29 15:48:54,569 - INFO - 成功连接到服务器 localhost:8888
2026-04-29 15:48:54,750 - INFO - 成功连接到服务器 localhost:8888
2026-04-29 15:48:54,928 - INFO - 成功连接到服务器 localhost:8888
2026-04-29 15:48:55,086 - INFO - 成功连接到服务器 localhost:8888
2026-04-29 15:48:55,266 - INFO - 成功连接到服务器 localhost:8888
2026-04-29 15:48:55,421 - INFO - 成功连接到服务器 localhost:8888
2026-04-29 15:49:01,266 - INFO - 成功连接到服务器 localhost:8888
2026-04-29 15:49:07,769 - ERROR - 连接服务器失败: [WinError 10061] 由于目标计算机积极拒绝，无法连接。
2026-04-29 15:49:13,396 - INFO - 成功连接到服务器 localhost:8888
2026-04-29 15:49:23,992 - INFO - 成功连接到服务器 localhost:8888
2026-04-29 15:51:12,030 - INFO - 成功连接到服务器 localhost:8888
2026-04-29 15:51:12,634 - INFO - 成功连接到服务器 localhost:8888
2026-04-29 15:51:12,813 - INFO - 成功连接到服务器 localhost:8888
2026-04-29 16:00:10,610 - INFO - 成功连接到服务器 localhost:8888
2026-04-29 16:00:36,283 - INFO - 成功连接到服务器 localhost:8888
2026-04-29 16:00:37,453 - INFO - 成功连接到服务器 localhost:8888
2026-04-29 16:00:37,627 - INFO - 成功连接到服务器 localhost:8888
2026-04-29 16:00:37,796 - INFO - 成功连接到服务器 localhost:8888
2026-04-29 16:00:37,967 - INFO - 成功连接到服务器 localhost:8888
2026-04-29 16:02:14,708 - INFO - 成功连接到服务器 localhost:8888
2026-04-29 19:26:32,201 - INFO - 成功连接到服务器 localhost:8888
2026-04-29 19:26:42,647 - INFO - 成功连接到服务器 localhost:8888
2026-04-29 19:26:43,422 - INFO - 成功连接到服务器 localhost:8888
2026-04-29 19:27:40,181 - INFO - 成功连接到服务器 localhost:8888
2026-04-29 19:27:43,839 - INFO - 成功连接到服务器 localhost:8888
2026-04-29 19:27:55,581 - INFO - 成功连接到服务器 localhost:8888
2026-04-29 19:37:56,999 - INFO - 成功连接到服务器 localhost:8888
2026-04-29 19:38:08,616 - INFO - 成功连接到服务器 localhost:8888
2026-04-29 19:38:16,137 - INFO - 成功连接到服务器 localhost:8888
2026-04-29 19:38:40,230 - INFO - 成功连接到服务器 localhost:8888
2026-04-29 19:38:45,297 - INFO - 成功连接到服务器 localhost:8888
2026-04-29 19:44:33,660 - INFO - 成功连接到服务器 localhost:8888
2026-04-29 19:44:34,905 - INFO - 成功连接到服务器 localhost:8888
2026-04-29 19:44:44,828 - INFO - 成功连接到服务器 localhost:8888
2026-04-29 19:44:45,980 - INFO - 成功连接到服务器 localhost:8888
2026-04-29 19:45:48,066 - INFO - 接收线程结束
2026-04-29 19:45:48,067 - INFO - 已断开服务器连接
2026-04-29 19:46:03,477 - INFO - 接收线程结束
2026-04-29 19:46:03,477 - INFO - 已断开服务器连接
2026-04-29 19:46:21,064 - INFO - 接收线程结束
2026-04-29 19:46:21,064 - INFO - 已断开服务器连接
2026-04-29 19:46:24,143 - INFO - 接收线程结束
2026-04-29 19:46:24,143 - INFO - 已断开服务器连接
2026-04-29 19:51:37,380 - INFO - 成功连接到服务器 localhost:8888
2026-04-29 19:51:51,749 - INFO - 成功连接到服务器 localhost:8888
2026-04-29 19:51:52,934 - INFO - 成功连接到服务器 localhost:8888
2026-04-29 19:51:54,086 - INFO - 成功连接到服务器 localhost:8888
2026-04-29 19:51:55,243 - INFO - 成功连接到服务器 localhost:8888
2026-04-29 19:54:44,789 - INFO - 接收线程结束
2026-04-29 19:54:44,789 - INFO - 已断开服务器连接
2026-04-29 19:55:17,619 - INFO - 成功连接到服务器 localhost:8888
2026-04-29 19:55:18,809 - INFO - 成功连接到服务器 localhost:8888
2026-04-29 19:55:19,997 - INFO - 成功连接到服务器 localhost:8888
2026-04-29 19:55:21,148 - INFO - 成功连接到服务器 localhost:8888
2026-04-29 19:55:26,705 - INFO - 接收线程结束
2026-04-29 19:55:26,705 - INFO - 已断开服务器连接
2026-04-29 19:55:29,726 - INFO - 接收线程结束
2026-04-29 19:55:29,726 - INFO - 已断开服务器连接
2026-04-29 19:55:31,557 - INFO - 接收线程结束
2026-04-29 19:55:31,557 - INFO - 已断开服务器连接
2026-04-29 19:55:55,579 - INFO - 接收线程结束
2026-04-29 19:55:55,579 - INFO - 已断开服务器连接
2026-04-29 19:55:58,145 - INFO - 接收线程结束
2026-04-29 19:55:58,146 - INFO - 已断开服务器连接
2026-04-29 19:56:00,642 - INFO - 已断开服务器连接
2026-04-29 19:56:00,642 - INFO - 接收线程结束
2026-04-29 19:56:02,288 - INFO - 接收线程结束
2026-04-29 19:56:02,288 - INFO - 已断开服务器连接
2026-04-29 20:06:35,776 - INFO - 成功连接到服务器 localhost:8888
2026-04-29 20:06:50,126 - INFO - 成功连接到服务器 localhost:8888
2026-04-29 20:07:10,927 - INFO - 成功连接到服务器 localhost:8888
2026-04-29 20:07:12,047 - INFO - 成功连接到服务器 localhost:8888
2026-04-29 20:07:22,083 - INFO - 成功连接到服务器 localhost:8888
2026-04-29 20:07:23,191 - INFO - 成功连接到服务器 localhost:8888
2026-04-29 20:22:58,400 - INFO - 成功连接到服务器 localhost:8888
2026-04-29 20:23:09,977 - INFO - 成功连接到服务器 localhost:8888
2026-04-29 20:24:07,274 - INFO - 成功连接到服务器 localhost:8888
2026-04-29 20:24:10,897 - INFO - 接收线程结束
2026-04-29 20:24:10,897 - INFO - 已断开服务器连接
2026-04-29 20:24:41,572 - INFO - 成功连接到服务器 localhost:8888
2026-04-29 20:24:44,690 - INFO - 接收线程结束
2026-04-29 20:24:44,690 - INFO - 已断开服务器连接
2026-04-29 20:27:10,101 - INFO - 接收线程结束
2026-04-29 20:27:10,101 - INFO - 已断开服务器连接
2026-04-29 20:27:11,055 - INFO - 接收线程结束
2026-04-29 20:27:11,056 - INFO - 已断开服务器连接
2026-04-29 20:27:36,508 - INFO - 成功连接到服务器 localhost:8888
2026-04-29 20:27:45,350 - INFO - 成功连接到服务器 localhost:8888
2026-04-29 20:27:51,660 - INFO - 接收线程结束
2026-04-29 20:27:51,660 - INFO - 已断开服务器连接
2026-04-29 20:27:52,197 - INFO - 接收线程结束
2026-04-29 20:27:52,197 - INFO - 已断开服务器连接
2026-04-29 20:28:07,692 - INFO - 成功连接到服务器 localhost:8888
2026-04-30 14:01:33,494 - INFO - 接收线程结束
2026-04-30 14:01:33,510 - INFO - 成功连接到服务器 localhost:8888
2026-04-30 14:01:36,529 - INFO - 已断开服务器连接
2026-04-30 14:01:46,834 - INFO - 接收线程结束
2026-04-30 14:01:46,834 - INFO - 成功连接到服务器 localhost:8888
2026-04-30 14:01:49,842 - INFO - 已断开服务器连接
2026-04-30 14:01:57,608 - INFO - 成功连接到服务器 localhost:8888
2026-04-30 14:02:19,554 - INFO - 成功连接到服务器 localhost:8888
2026-04-30 14:02:20,463 - INFO - 接收线程结束
2026-04-30 14:02:20,463 - INFO - 成功连接到服务器 localhost:8888
2026-04-30 14:02:23,471 - INFO - 已断开服务器连接
2026-04-30 14:02:52,257 - INFO - 接收线程结束
2026-04-30 14:02:52,258 - INFO - 成功连接到服务器 localhost:8888
2026-04-30 14:02:55,267 - INFO - 已断开服务器连接
2026-04-30 14:03:08,351 - INFO - 接收线程结束
2026-04-30 14:03:08,351 - INFO - 成功连接到服务器 localhost:8888
2026-04-30 14:03:11,359 - INFO - 已断开服务器连接
2026-04-30 14:03:17,502 - INFO - 成功连接到服务器 localhost:8888
2026-04-30 14:03:40,150 - INFO - 接收线程结束
2026-04-30 14:03:40,150 - INFO - 已断开服务器连接
2026-04-30 14:03:52,924 - INFO - 接收线程结束
2026-04-30 14:03:52,924 - INFO - 成功连接到服务器 localhost:8888
2026-04-30 14:03:55,932 - INFO - 已断开服务器连接
2026-04-30 14:03:58,527 - INFO - 接收线程结束
2026-04-30 14:03:58,528 - INFO - 成功连接到服务器 localhost:8888
2026-04-30 14:04:01,538 - INFO - 已断开服务器连接
2026-04-30 14:04:03,010 - INFO - 成功连接到服务器 localhost:8888
2026-04-30 14:06:13,727 - INFO - 成功连接到服务器 localhost:8888
2026-04-30 14:08:25,436 - INFO - 接收线程结束
2026-04-30 14:08:25,436 - INFO - 已断开服务器连接
2026-04-30 14:08:27,856 - INFO - 已断开服务器连接
2026-04-30 14:08:27,856 - INFO - 接收线程结束
2026-04-30 14:08:28,845 - INFO - 接收线程结束
2026-04-30 14:08:28,845 - INFO - 已断开服务器连接
2026-04-30 14:08:42,667 - INFO - 接收线程结束
2026-04-30 14:08:42,668 - INFO - 成功连接到服务器 localhost:8888
2026-04-30 14:08:45,092 - INFO - 成功连接到服务器 localhost:8888
2026-04-30 14:08:45,677 - INFO - 已断开服务器连接
2026-04-30 14:08:54,526 - INFO - 成功连接到服务器 localhost:8888
2026-04-30 14:09:02,258 - INFO - 接收线程结束
2026-04-30 14:09:02,260 - INFO - 已断开服务器连接
2026-04-30 14:09:02,751 - INFO - 接收线程结束
2026-04-30 14:09:02,751 - INFO - 已断开服务器连接
2026-04-30 14:14:49,847 - INFO - 接收线程结束
2026-04-30 14:14:49,854 - INFO - 成功连接到服务器 localhost:8888
2026-04-30 14:14:52,398 - INFO - 成功连接到服务器 localhost:8888
2026-04-30 14:14:52,864 - INFO - 已断开服务器连接
2026-04-30 14:15:00,863 - INFO - 成功连接到服务器 localhost:8888
2026-04-30 14:15:17,003 - INFO - 接收线程结束
2026-04-30 14:15:17,004 - INFO - 成功连接到服务器 localhost:8888
2026-04-30 14:15:20,013 - INFO - 已断开服务器连接
2026-04-30 14:15:29,339 - INFO - 接收线程结束
2026-04-30 14:15:29,340 - INFO - 成功连接到服务器 localhost:8888
2026-04-30 14:15:30,750 - INFO - 成功连接到服务器 localhost:8888
2026-04-30 14:15:32,350 - INFO - 已断开服务器连接
2026-04-30 14:30:17,784 - ERROR - 连接服务器失败: [WinError 10061] 由于目标计算机积极拒绝，无法连接。
2026-04-30 14:30:19,104 - ERROR - 连接服务器失败: [WinError 10061] 由于目标计算机积极拒绝，无法连接。
2026-04-30 14:30:46,345 - INFO - 成功连接到服务器 localhost:8888
2026-04-30 14:31:07,617 - INFO - 成功连接到服务器 localhost:8888
2026-04-30 14:31:21,751 - INFO - 成功连接到服务器 localhost:8888
2026-04-30 14:37:57,174 - INFO - 接收线程结束
2026-04-30 14:37:57,174 - INFO - 已断开服务器连接
2026-04-30 16:04:06,428 - INFO - 成功连接到服务器 localhost:8888
2026-04-30 16:04:14,594 - INFO - 成功连接到服务器 localhost:8888
2026-04-30 16:05:18,069 - INFO - 接收线程结束
2026-04-30 16:05:18,069 - INFO - 已断开服务器连接
2026-04-30 16:05:18,994 - INFO - 接收线程结束
2026-04-30 16:05:18,994 - INFO - 已断开服务器连接
2026-05-06 13:59:00,919 - INFO - 成功连接到服务器 localhost:8888
2026-05-06 13:59:11,433 - INFO - 成功连接到服务器 localhost:8888
2026-05-06 13:59:32,287 - INFO - 接收线程结束
2026-05-06 13:59:32,287 - INFO - 已断开服务器连接
2026-05-06 13:59:33,230 - INFO - 接收线程结束
2026-05-06 13:59:33,230 - INFO - 已断开服务器连接
2026-05-06 14:18:36,952 - INFO - 成功连接到服务器 localhost:8888
2026-05-06 14:20:00,333 - INFO - 成功连接到服务器 localhost:8888
2026-05-06 14:36:43,190 - INFO - 接收线程结束
2026-05-06 14:36:43,190 - INFO - 已断开服务器连接
2026-05-06 14:36:44,734 - INFO - 接收线程结束
2026-05-06 14:36:44,734 - INFO - 已断开服务器连接
2026-05-06 14:37:37,199 - INFO - 成功连接到服务器 localhost:8888
2026-05-06 14:38:00,932 - INFO - 成功连接到服务器 localhost:8888
2026-05-06 14:38:05,765 - INFO - 成功连接到服务器 localhost:8888
2026-05-06 15:02:05,754 - INFO - 接收线程结束
2026-05-06 15:02:05,754 - INFO - 已断开服务器连接
2026-05-06 15:02:06,619 - INFO - 接收线程结束
2026-05-06 15:02:06,619 - INFO - 已断开服务器连接
2026-05-06 15:02:09,094 - INFO - 接收线程结束
2026-05-06 15:02:09,094 - INFO - 已断开服务器连接
2026-05-06 15:02:54,427 - INFO - 成功连接到服务器 localhost:8888
2026-05-06 15:03:05,344 - INFO - 成功连接到服务器 localhost:8888
2026-05-06 15:03:22,556 - INFO - 已断开服务器连接
2026-05-06 15:05:21,721 - INFO - 已断开服务器连接
2026-05-06 15:09:47,370 - INFO - 成功连接到服务器 localhost:8888
2026-05-06 15:09:56,245 - INFO - 成功连接到服务器 localhost:8888
2026-05-06 15:10:17,917 - INFO - 接收线程结束
2026-05-06 15:10:17,917 - INFO - 已断开服务器连接
2026-05-06 15:10:18,606 - INFO - 接收线程结束
2026-05-06 15:10:18,606 - INFO - 已断开服务器连接
2026-05-06 15:10:19,563 - ERROR - 发送消息失败: [WinError 10038] 在一个非套接字上尝试了一个操作。
2026-05-06 15:10:19,563 - INFO - 已断开服务器连接
2026-05-06 15:10:19,563 - ERROR - 发送消息失败: [WinError 10038] 在一个非套接字上尝试了一个操作。
2026-05-06 15:10:19,563 - INFO - 已断开服务器连接
2026-05-07 14:04:27,995 - INFO - 成功连接到服务器 localhost:8888
2026-05-07 14:04:35,573 - INFO - 成功连接到服务器 localhost:8888
2026-05-07 14:16:08,218 - INFO - 成功连接到服务器 localhost:8888
2026-05-07 14:16:17,503 - INFO - 成功连接到服务器 localhost:8888
2026-05-07 14:16:18,005 - INFO - 已断开服务器连接
2026-05-07 14:16:21,898 - INFO - 成功连接到服务器 localhost:8888
2026-05-07 14:16:22,400 - INFO - 已断开服务器连接
2026-05-07 14:16:22,702 - INFO - 成功连接到服务器 localhost:8888
2026-05-07 14:16:36,105 - INFO - 接收线程结束
2026-05-07 14:16:36,105 - INFO - 已断开服务器连接
2026-05-07 14:16:36,127 - INFO - 已断开服务器连接
2026-05-07 14:16:36,149 - INFO - 已断开服务器连接
2026-05-07 14:16:36,168 - INFO - 已断开服务器连接
2026-05-07 14:16:36,228 - INFO - 接收线程结束
2026-05-07 14:16:36,228 - INFO - 接收线程结束
2026-05-07 14:16:36,231 - INFO - 接收线程结束
2026-05-07 15:08:34,683 - INFO - 成功连接到服务器 localhost:8888
2026-05-07 15:08:35,184 - ERROR - 登录过程出错: [WinError 10054] 远程主机强迫关闭了一个现有的连接。
2026-05-07 15:08:35,185 - ERROR - 发送消息失败: [WinError 10054] 远程主机强迫关闭了一个现有的连接。
2026-05-07 15:08:35,185 - INFO - 已断开服务器连接
2026-05-07 15:08:49,849 - INFO - 成功连接到服务器 localhost:8888
2026-05-07 15:08:57,937 - INFO - 成功连接到服务器 localhost:8888
2026-05-07 15:15:45,319 - INFO - 接收线程结束
2026-05-07 15:15:45,320 - INFO - 已断开服务器连接
2026-05-07 15:15:47,709 - INFO - 接收线程结束
2026-05-07 15:15:47,710 - INFO - 已断开服务器连接
2026-05-07 15:15:50,588 - ERROR - 发送消息失败: [WinError 10038] 在一个非套接字上尝试了一个操作。
2026-05-07 15:15:50,588 - INFO - 已断开服务器连接
2026-05-07 15:15:50,590 - ERROR - 发送消息失败: [WinError 10038] 在一个非套接字上尝试了一个操作。
2026-05-07 15:15:50,590 - INFO - 已断开服务器连接
2026-05-07 15:48:16,713 - INFO - 成功连接到服务器 localhost:8888
2026-05-07 15:48:23,378 - INFO - 成功连接到服务器 localhost:8888
2026-05-07 15:48:45,345 - INFO - 接收线程结束
2026-05-07 15:48:45,345 - INFO - 已断开服务器连接
2026-05-07 15:48:45,394 - INFO - 已断开服务器连接
2026-05-07 15:48:45,441 - INFO - 接收线程结束
2026-05-13 14:22:02,262 - INFO - 成功连接到服务器 localhost:8888
2026-05-13 14:22:09,691 - INFO - 成功连接到服务器 localhost:8888
2026-05-13 14:22:18,951 - INFO - 接收线程结束
2026-05-13 14:22:18,951 - INFO - 已断开服务器连接
2026-05-13 14:22:20,342 - INFO - 接收线程结束
2026-05-13 14:22:20,342 - INFO - 已断开服务器连接
2026-05-13 14:22:20,353 - ERROR - 发送消息失败: [WinError 10038] 在一个非套接字上尝试了一个操作。
2026-05-13 14:22:20,353 - INFO - 已断开服务器连接
2026-05-13 14:29:43,959 - INFO - 成功连接到服务器 localhost:8888
2026-05-13 14:29:55,380 - INFO - 成功连接到服务器 localhost:8888
2026-05-13 14:30:07,041 - INFO - 成功连接到服务器 localhost:8888
2026-05-13 14:30:11,345 - INFO - 成功连接到服务器 localhost:8888
2026-05-13 14:30:50,320 - INFO - 接收线程结束
2026-05-13 14:30:50,320 - INFO - 已断开服务器连接
2026-05-13 14:30:50,768 - INFO - 已断开服务器连接
2026-05-13 14:30:50,769 - INFO - 接收线程结束
2026-05-13 14:30:51,688 - INFO - 接收线程结束
2026-05-13 14:30:51,688 - INFO - 已断开服务器连接
2026-05-13 14:30:53,710 - ERROR - 发送消息失败: [WinError 10038] 在一个非套接字上尝试了一个操作。
2026-05-13 14:30:53,710 - INFO - 已断开服务器连接
2026-05-13 14:30:53,710 - ERROR - 发送消息失败: [WinError 10038] 在一个非套接字上尝试了一个操作。
2026-05-13 14:30:53,710 - INFO - 已断开服务器连接
2026-05-13 14:30:53,710 - INFO - 接收线程结束
2026-05-13 14:30:53,710 - INFO - 已断开服务器连接
2026-05-13 14:30:53,723 - ERROR - 发送消息失败: [WinError 10038] 在一个非套接字上尝试了一个操作。
2026-05-13 14:30:53,724 - INFO - 已断开服务器连接
2026-05-13 14:42:14,860 - INFO - 成功连接到服务器 localhost:8888
2026-05-13 14:42:18,928 - INFO - 成功连接到服务器 localhost:8888
2026-05-13 14:42:22,811 - INFO - 成功连接到服务器 localhost:8888
2026-05-13 14:42:26,401 - INFO - 成功连接到服务器 localhost:8888
2026-05-13 14:43:29,436 - INFO - 接收线程结束
2026-05-13 14:43:29,436 - INFO - 已断开服务器连接
2026-05-13 14:43:30,359 - INFO - 接收线程结束
2026-05-13 14:43:30,359 - INFO - 已断开服务器连接
2026-05-13 14:43:32,211 - INFO - 接收线程结束
2026-05-13 14:43:32,211 - INFO - 已断开服务器连接
2026-05-13 14:43:32,227 - ERROR - 发送消息失败: [WinError 10038] 在一个非套接字上尝试了一个操作。
2026-05-13 14:43:32,227 - INFO - 已断开服务器连接
2026-05-13 14:43:32,228 - INFO - 已断开服务器连接
2026-05-13 14:43:32,256 - ERROR - 发送消息失败: [WinError 10038] 在一个非套接字上尝试了一个操作。
2026-05-13 14:43:32,256 - INFO - 已断开服务器连接
2026-05-13 14:43:32,262 - INFO - 接收线程结束
2026-05-13 14:59:03,553 - INFO - 成功连接到服务器 localhost:8888
2026-05-13 14:59:08,400 - INFO - 成功连接到服务器 localhost:8888
2026-05-13 14:59:53,233 - INFO - 接收线程结束
2026-05-13 14:59:53,233 - INFO - 已断开服务器连接
2026-05-13 14:59:55,347 - INFO - 接收线程结束
2026-05-13 14:59:55,347 - INFO - 已断开服务器连接
2026-05-13 15:10:38,313 - INFO - 成功连接到服务器 localhost:8888
2026-05-13 15:10:41,743 - INFO - 成功连接到服务器 localhost:8888
2026-05-13 15:11:31,105 - INFO - 接收线程结束
2026-05-13 15:11:31,105 - INFO - 已断开服务器连接
2026-05-13 15:11:31,992 - INFO - 接收线程结束
2026-05-13 15:11:31,993 - INFO - 已断开服务器连接
2026-05-13 15:34:02,377 - INFO - 成功连接到服务器 localhost:8888
2026-05-13 15:34:06,321 - INFO - 成功连接到服务器 localhost:8888
2026-05-13 15:34:09,826 - INFO - 成功连接到服务器 localhost:8888
2026-05-13 15:34:53,285 - INFO - 接收线程结束
2026-05-13 15:34:53,285 - INFO - 已断开服务器连接
2026-05-13 15:34:54,148 - INFO - 接收线程结束
2026-05-13 15:34:54,148 - INFO - 已断开服务器连接
2026-05-13 15:35:22,654 - INFO - 接收线程结束
2026-05-13 15:35:22,654 - INFO - 已断开服务器连接
2026-05-13 15:35:30,601 - ERROR - 发送消息失败: [WinError 10038] 在一个非套接字上尝试了一个操作。
2026-05-13 15:35:30,601 - INFO - 已断开服务器连接
2026-05-13 15:35:30,602 - ERROR - 发送消息失败: [WinError 10038] 在一个非套接字上尝试了一个操作。
2026-05-13 15:35:30,602 - INFO - 已断开服务器连接
2026-05-13 15:35:30,602 - ERROR - 发送消息失败: [WinError 10038] 在一个非套接字上尝试了一个操作。
2026-05-13 15:35:30,602 - INFO - 已断开服务器连接
2026-05-13 15:39:16,624 - INFO - 成功连接到服务器 localhost:8888
2026-05-13 15:39:20,642 - INFO - 成功连接到服务器 localhost:8888
2026-05-13 15:39:24,008 - INFO - 成功连接到服务器 localhost:8888
2026-05-13 15:40:19,768 - INFO - 接收线程结束
2026-05-13 15:40:19,769 - INFO - 已断开服务器连接
2026-05-13 15:40:20,528 - INFO - 接收线程结束
2026-05-13 15:40:20,528 - INFO - 已断开服务器连接
2026-05-13 15:40:23,356 - INFO - 接收线程结束
2026-05-13 15:40:23,356 - INFO - 已断开服务器连接
2026-05-13 15:40:27,727 - ERROR - 发送消息失败: [WinError 10038] 在一个非套接字上尝试了一个操作。
2026-05-13 15:40:27,727 - INFO - 已断开服务器连接
2026-05-13 15:40:27,727 - ERROR - 发送消息失败: [WinError 10038] 在一个非套接字上尝试了一个操作。
2026-05-13 15:40:27,727 - INFO - 已断开服务器连接
2026-05-13 15:40:27,728 - ERROR - 发送消息失败: [WinError 10038] 在一个非套接字上尝试了一个操作。
2026-05-13 15:40:27,728 - INFO - 已断开服务器连接
2026-05-13 15:40:41,185 - INFO - 成功连接到服务器 localhost:8888
2026-05-13 15:45:13,013 - INFO - 接收线程结束
2026-05-13 15:45:13,013 - INFO - 已断开服务器连接
2026-05-13 15:45:33,168 - INFO - 成功连接到服务器 localhost:8888
2026-05-13 15:45:40,716 - INFO - 接收线程结束
2026-05-13 15:45:40,716 - INFO - 已断开服务器连接
2026-05-13 15:45:44,077 - ERROR - 发送消息失败: [WinError 10038] 在一个非套接字上尝试了一个操作。
2026-05-13 15:45:44,078 - INFO - 已断开服务器连接
2026-05-13 15:56:26,238 - INFO - 成功连接到服务器 localhost:8888
2026-05-13 16:01:33,063 - INFO - 成功连接到服务器 localhost:8888
2026-05-13 16:01:39,650 - INFO - 接收线程结束
2026-05-13 16:01:39,650 - INFO - 已断开服务器连接
2026-05-13 16:10:31,959 - INFO - 成功连接到服务器 localhost:8888
2026-05-13 16:13:50,138 - INFO - 接收线程结束
2026-05-13 16:13:50,138 - INFO - 已断开服务器连接
2026-05-13 16:17:17,305 - INFO - 成功连接到服务器 localhost:8888
2026-05-13 16:17:39,443 - INFO - 接收线程结束
2026-05-13 16:17:39,443 - INFO - 已断开服务器连接
2026-05-13 16:17:52,380 - INFO - 成功连接到服务器 localhost:8888
2026-05-13 16:31:22,558 - INFO - 成功连接到服务器 localhost:8888
2026-05-13 16:31:47,870 - INFO - 接收线程结束
2026-05-13 16:31:47,872 - INFO - 已断开服务器连接
2026-05-13 16:31:58,616 - INFO - 成功连接到服务器 localhost:8888
2026-05-13 16:32:55,337 - INFO - 接收线程结束
2026-05-13 16:32:55,337 - INFO - 已断开服务器连接
2026-05-13 16:32:56,862 - INFO - 成功连接到服务器 localhost:8888
2026-05-13 16:33:04,177 - INFO - 接收线程结束
2026-05-13 16:33:04,179 - INFO - 已断开服务器连接
2026-05-13 16:33:39,226 - INFO - 成功连接到服务器 localhost:8888
2026-05-13 16:33:44,758 - INFO - 接收线程结束
2026-05-13 16:33:44,758 - INFO - 已断开服务器连接
2026-05-13 16:34:13,685 - INFO - 成功连接到服务器 localhost:8888
2026-05-13 16:34:27,645 - INFO - 接收线程结束
2026-05-13 16:34:27,645 - INFO - 已断开服务器连接
2026-05-13 16:34:36,185 - INFO - 成功连接到服务器 localhost:8888
2026-05-13 16:34:39,135 - INFO - 接收线程结束
2026-05-13 16:34:39,135 - INFO - 已断开服务器连接
2026-05-13 16:34:49,165 - INFO - 成功连接到服务器 localhost:8888
2026-05-13 16:35:47,845 - INFO - 接收线程结束
2026-05-13 16:35:47,845 - INFO - 已断开服务器连接
2026-05-13 16:35:50,803 - INFO - 成功连接到服务器 localhost:8888
2026-05-13 16:35:55,575 - INFO - 接收线程结束
2026-05-13 16:35:55,575 - INFO - 已断开服务器连接
2026-05-13 16:36:07,084 - INFO - 成功连接到服务器 localhost:8888
2026-05-13 16:36:13,565 - INFO - 接收线程结束
2026-05-13 16:36:13,565 - INFO - 已断开服务器连接
2026-05-13 16:36:34,167 - INFO - 成功连接到服务器 localhost:8888
2026-05-13 16:37:01,698 - INFO - 成功连接到服务器 localhost:8888
2026-05-13 16:38:14,473 - INFO - 接收线程结束
2026-05-13 16:38:14,473 - INFO - 已断开服务器连接
2026-05-13 16:38:28,736 - INFO - 成功连接到服务器 localhost:8888
2026-05-13 16:43:23,806 - ERROR - 接收消息时出错: [WinError 10054] 远程主机强迫关闭了一个现有的连接。
2026-05-13 16:43:23,807 - INFO - 接收线程结束
2026-05-13 16:43:43,881 - INFO - 成功连接到服务器 localhost:8888
2026-05-13 16:43:56,857 - INFO - 成功连接到服务器 localhost:8888
2026-05-13 16:44:00,109 - INFO - 已断开服务器连接
2026-05-13 16:44:01,831 - INFO - 成功连接到服务器 localhost:8888
2026-05-13 16:44:03,352 - INFO - 已断开服务器连接
2026-05-13 16:44:04,748 - INFO - 成功连接到服务器 localhost:8888
2026-05-13 16:44:06,822 - INFO - 已断开服务器连接
2026-05-13 16:44:30,035 - INFO - 成功连接到服务器 localhost:8888
2026-05-13 16:44:44,646 - INFO - 成功连接到服务器 localhost:8888
2026-05-13 16:44:48,364 - INFO - 接收线程结束
2026-05-13 16:44:48,364 - INFO - 已断开服务器连接
2026-05-13 17:00:30,896 - INFO - 成功连接到服务器 localhost:8888
2026-05-13 17:00:37,663 - INFO - 接收线程结束
2026-05-13 17:00:37,663 - INFO - 已断开服务器连接
2026-05-13 17:16:47,067 - INFO - 成功连接到服务器 localhost:8888
2026-05-13 17:16:49,569 - INFO - 已断开服务器连接
